[14:26:45.164][info] [#0:/nix/store/4r8b5mnhkaf98vcrhkh15p2fivavxx8r-sumneko-lua-language-server-3.5.6/share/lua-language-server/main.lua:65]: Lua Lsp startup, root: 	/nix/store/4r8b5mnhkaf98vcrhkh15p2fivavxx8r-sumneko-lua-language-server-3.5.6/share/lua-language-server
[14:26:45.164][info] [#0:/nix/store/4r8b5mnhkaf98vcrhkh15p2fivavxx8r-sumneko-lua-language-server-3.5.6/share/lua-language-server/main.lua:66]: ROOT:	/nix/store/4r8b5mnhkaf98vcrhkh15p2fivavxx8r-sumneko-lua-language-server-3.5.6/share/lua-language-server
[14:26:45.164][info] [#0:/nix/store/4r8b5mnhkaf98vcrhkh15p2fivavxx8r-sumneko-lua-language-server-3.5.6/share/lua-language-server/main.lua:67]: LOGPATH:	$XDG_CACHE_HOME/sumneko_lua/log
[14:26:45.164][info] [#0:/nix/store/4r8b5mnhkaf98vcrhkh15p2fivavxx8r-sumneko-lua-language-server-3.5.6/share/lua-language-server/main.lua:68]: METAPATH:	$XDG_CACHE_HOME/sumneko_lua/meta
[14:26:45.164][info] [#0:/nix/store/4r8b5mnhkaf98vcrhkh15p2fivavxx8r-sumneko-lua-language-server-3.5.6/share/lua-language-server/main.lua:69]: VERSION:	3.5.6
[14:26:45.183][info] [#0:script/service/service.lua:141]: 
========= Medical Examination Report =========
    --------------- Memory ---------------
        Total: 1.413 MB
        # 00 : 1.413 MB
        # 01 : 0.000 MB
        # 02 : 0.000 MB
        # 03 : 0.000 MB
        # 04 : 0.000 MB
    --------------- Coroutine ---------------
        Total:     0
        Running:   0
        Suspended: 0
        Normal:    0
        Dead:      0
    --------------- Cache ---------------
        Total: 1
        Dead:  0
    ---------------  RPC  ---------------
        Holdon:   0
        Waiting:  0
==============================================
[14:26:45.186][info] [#0:script/language.lua:137]: VSC language: nil
[14:26:45.186][info] [#0:script/language.lua:138]: LS  language: en-us
[14:26:45.186][info] [#0:script/workspace/workspace.lua:38]: Workspace init root: 	file:///home/nico/Projects/nixos-configuration/user-home/tools/nvim/config
[14:26:45.187][info] [#0:script/workspace/workspace.lua:42]: Log path: 	$XDG_CACHE_HOME/sumneko_lua/log/file_home_nico_Projects_nixos-configuration_user-home_tools_nvim_config.log
